#
# A fatal error has been detected by the Java Runtime Environment:
#
#  SIGSEGV (0xb) at pc=0x00007f0e1d03fcf0, pid=26401, tid=139698018236160
#
# JRE version: Java(TM) SE Runtime Environment (8.0_31-b13) (build 1.8.0_31-b13)
# Java VM: Java HotSpot(TM) 64-Bit Server VM (25.31-b07 mixed mode linux-amd64 compressed oops)
# Problematic frame:
# V  [libjvm.so+0x873cf0]  Method::checked_resolve_jmethod_id(_jmethodID*)+0x20
#
# Failed to write core dump. Core dumps have been disabled. To enable core dumping, try "ulimit -c unlimited" before starting Java again
#
# If you would like to submit a bug report, please visit:
#   http://bugreport.java.com/bugreport/crash.jsp
#

---------------  T H R E A D  ---------------

Current thread (0x00007f0e180bb800):  JavaThread "JDWP Transport Listener: dt_socket" daemon [_thread_in_vm, id=26420, stack(0x00007f0dfab0b000,0x00007f0dfac0c000)]

siginfo: si_signo: 11 (SIGSEGV), si_code: 1 (SEGV_MAPERR), si_addr: 0x00003b003b746e65

Registers:
RAX=0x0000000000000001, RBX=0x00007f0e18005560, RCX=0x0000003189018300, RDX=0x00007f0e1d7277c0
RSP=0x00007f0dfac0a990, RBP=0x00007f0dfac0a9a0, RSI=0x00007f0e180bb800, RDI=0x00003b003b746e65
R8 =0x0000000000000000, R9 =0x0000000000000000, R10=0x0000000000000030, R11=0x000000318877f410
R12=0x0000000000000017, R13=0x00003b003b746e65, R14=0x00007f0e180bb800, R15=0x00007f0dfac0aaa7
RIP=0x00007f0e1d03fcf0, EFLAGS=0x0000000000010206, CSGSFS=0x0000000000000033, ERR=0x0000000000000004
  TRAPNO=0x000000000000000e

Top of Stack: (sp=0x00007f0dfac0a990)
0x00007f0dfac0a990:   0000000000000074 00007f0e18005560
0x00007f0dfac0a9a0:   00007f0dfac0aa10 00007f0e1ced528e
0x00007f0dfac0a9b0:   00007f0dc8004610 00007f0dfac0a9c0
0x00007f0dfac0a9c0:   00007f0e180bb800 0000000000000000
0x00007f0dfac0a9d0:   00007f0d00000000 0000000000000000
0x00007f0dfac0a9e0:   00007f0dfac0aa00 00007f0e1c28fd60
0x00007f0dfac0a9f0:   00003b003b746e65 00007f0dfac0aaa7
0x00007f0dfac0aa00:   0000000000000004 00007f0dfac0aaa7
0x00007f0dfac0aa10:   00007f0dfac0aa40 00007f0e1c07b872
0x00007f0dfac0aa20:   00007f0dfac0aa40 00003b003b746e65
0x00007f0dfac0aa30:   00007f0dfac0ab10 0000000000000020
0x00007f0dfac0aa40:   00007f0dfac0aad0 00007f0e1c05ca60
0x00007f0dfac0aa50:   00007f0dfac0aa88 00007f0dfac0aa80
0x00007f0dfac0aa60:   00007f0dfac0aa78 00007f0dfac0aa9c
0x00007f0dfac0aa70:   00000001c8006bc0 0000000000000000
0x00007f0dfac0aa80:   0000000000000000 0000000000000000
0x00007f0dfac0aa90:   00007f0dc800fe70 f000100afac0ab10
0x00007f0dfac0aaa0:   0100000000000005 0000000000000002
0x00007f0dfac0aab0:   000000000000000f 0000000000000002
0x00007f0dfac0aac0:   00000000000f0200 000000000000000f
0x00007f0dfac0aad0:   00007f0dfac0ad20 00007f0e1c067976
0x00007f0dfac0aae0:   00045d9000000013 00007f0e1c0f0200
0x00007f0dfac0aaf0:   00007f0dc0000fb0 0000000000000000
0x00007f0dfac0ab00:   00007f0dfac0ab10 00007f0dfac0aca0
0x00007f0dfac0ab10:   00007f0dc80105bd 00007f0e0000001b
0x00007f0dfac0ab20:   00007f0dc8003ad0 000000000000012c
0x00007f0dfac0ab30:   00007f0dfac0ab60 00007f0dc8003ad0
0x00007f0dfac0ab40:   00007f0000000000 00045d900000001c
0x00007f0dfac0ab50:   00007f0d0000ac80 00007f0dfac0ab60
0x00007f0dfac0ab60:   0d7f000005000000 0f000000205700c8
0x00007f0dfac0ab70:   676e695364616572 0065756c6156656c
0x00007f0dfac0ab80:   76616a4c286e0000 4f2f676e616c2f61 

Instructions: (pc=0x00007f0e1d03fcf0)
0x00007f0e1d03fcd0:   55 48 89 e5 53 48 83 ec 08 48 85 ff 75 12 31 db
0x00007f0e1d03fce0:   48 89 d8 48 83 c4 08 5b c9 c3 66 0f 1f 44 00 00
0x00007f0e1d03fcf0:   48 8b 1f 48 85 db 74 e6 48 83 fb 37 74 e0 48 8b
0x00007f0e1d03fd00:   03 48 89 df ff 50 10 84 c0 0f 1f 80 00 00 00 00 

Register to memory mapping:

RAX=0x0000000000000001 is an unknown value
RBX=0x00007f0e18005560 is an unknown value
RCX=0x0000003189018300: <offset 0x218300> in /lib64/libpthread.so.0 at 0x0000003188e00000
RDX=0x00007f0e1d7277c0: <offset 0xf5b7c0> in /usr/java/jdk1.8.0_31/jre/lib/amd64/server/libjvm.so at 0x00007f0e1c7cc000
RSP=0x00007f0dfac0a990 is pointing into the stack for thread: 0x00007f0e180bb800
RBP=0x00007f0dfac0a9a0 is pointing into the stack for thread: 0x00007f0e180bb800
RSI=0x00007f0e180bb800 is a thread
RDI=0x00003b003b746e65 is an unknown value
R8 =0x0000000000000000 is an unknown value
R9 =0x0000000000000000 is an unknown value
R10=0x0000000000000030 is an unknown value
R11=0x000000318877f410: <offset 0x17f410> in /lib64/libc.so.6 at 0x0000003188600000
R12=0x0000000000000017 is an unknown value
R13=0x00003b003b746e65 is an unknown value
R14=0x00007f0e180bb800 is a thread
R15=0x00007f0dfac0aaa7 is pointing into the stack for thread: 0x00007f0e180bb800


Stack: [0x00007f0dfab0b000,0x00007f0dfac0c000],  sp=0x00007f0dfac0a990,  free space=1022k
Native frames: (J=compiled Java code, j=interpreted, Vv=VM code, C=native code)
V  [libjvm.so+0x873cf0]  Method::checked_resolve_jmethod_id(_jmethodID*)+0x20
V  [libjvm.so+0x70928e]  jvmti_IsMethodSynthetic+0x29e
C  [libjdwp.so+0x25872]  isMethodSynthetic+0x42
C  [libjdwp.so+0x6a60]  methods1+0x1b0
C  [libjdwp.so+0x11976]  debugLoop_run+0x2b6
C  [libjdwp.so+0x247af]  attachThread+0x2f
V  [libjvm.so+0x774ff2]  JvmtiAgentThread::call_start_function()+0xc2
V  [libjvm.so+0xa2a9ef]  JavaThread::thread_main_inner()+0xdf
V  [libjvm.so+0xa2ab1c]  JavaThread::run()+0x11c
V  [libjvm.so+0x8e8158]  java_start(Thread*)+0x108
C  [libpthread.so.0+0x7f33]


---------------  P R O C E S S  ---------------

Java Threads: ( => current thread )
  0x00007f0d9c003800 JavaThread "vert.x-eventloop-thread-5" [_thread_blocked, id=26473, stack(0x00007f0df81de000,0x00007f0df82df000)]
  0x00007f0da4016000 JavaThread "vert.x-eventloop-thread-4" [_thread_in_native, id=26472, stack(0x00007f0df8cea000,0x00007f0df8deb000)]
  0x00007f0d9c004800 JavaThread "vert.x-eventloop-thread-3" [_thread_in_native, id=26464, stack(0x00007f0df82df000,0x00007f0df83e0000)]
  0x00007f0d8c001800 JavaThread "vert.x-eventloop-thread-2" [_thread_in_native, id=26463, stack(0x00007f0df83e0000,0x00007f0df84e1000)]
  0x00007f0d80012000 JavaThread "vert.x-eventloop-thread-1" [_thread_in_native, id=26462, stack(0x00007f0df90ee000,0x00007f0df91ef000)]
  0x00007f0e18b21800 JavaThread "cluster-55b8d61099cc376721a54ed0" daemon [_thread_blocked, id=26460, stack(0x00007f0df8fed000,0x00007f0df90ee000)]
  0x00007f0d98004000 JavaThread "Thread-8" daemon [_thread_blocked, id=26459, stack(0x00007f0df8deb000,0x00007f0df8eec000)]
  0x00007f0da0021800 JavaThread "Thread-7" daemon [_thread_blocked, id=26457, stack(0x00007f0df94f2000,0x00007f0df95f3000)]
  0x00007f0da0020000 JavaThread "Thread-6" daemon [_thread_blocked, id=26456, stack(0x00007f0df91ef000,0x00007f0df92f0000)]
  0x00007f0da001f000 JavaThread "Thread-5" daemon [_thread_blocked, id=26455, stack(0x00007f0df93f1000,0x00007f0df94f2000)]
  0x00007f0da001e000 JavaThread "Thread-4" daemon [_thread_in_native, id=26454, stack(0x00007f0df95f3000,0x00007f0df96f4000)]
  0x00007f0da001d000 JavaThread "Thread-3" daemon [_thread_blocked, id=26453, stack(0x00007f0df8eec000,0x00007f0df8fed000)]
  0x00007f0e18afe800 JavaThread "cluster-ClusterId{value='55b8d61099cc376721a54ed0', description='null'}-localhost:27017" daemon [_thread_blocked, id=26452, stack(0x00007f0df92f0000,0x00007f0df93f1000)]
  0x00007f0e184db800 JavaThread "vertx-blocked-thread-checker" daemon [_thread_blocked, id=26434, stack(0x00007f0df9af9000,0x00007f0df9bfa000)]
  0x00007f0e18322800 JavaThread "ReaderThread" [_thread_in_native, id=26432, stack(0x00007f0df9e37000,0x00007f0df9f38000)]
  0x00007f0e180d3800 JavaThread "Service Thread" daemon [_thread_blocked, id=26430, stack(0x00007f0dfa505000,0x00007f0dfa606000)]
  0x00007f0e180c6000 JavaThread "C1 CompilerThread2" daemon [_thread_blocked, id=26429, stack(0x00007f0dfa606000,0x00007f0dfa707000)]
  0x00007f0e180c4000 JavaThread "C2 CompilerThread1" daemon [_thread_blocked, id=26428, stack(0x00007f0dfa707000,0x00007f0dfa808000)]
  0x00007f0e180c1800 JavaThread "C2 CompilerThread0" daemon [_thread_blocked, id=26427, stack(0x00007f0dfa808000,0x00007f0dfa909000)]
  0x00007f0dc8001000 JavaThread "JDWP Command Reader" daemon [_thread_in_native, id=26424, stack(0x00007f0dfa909000,0x00007f0dfaa0a000)]
  0x00007f0e180bf000 JavaThread "JDWP Event Helper Thread" daemon [_thread_blocked, id=26423, stack(0x00007f0dfaa0a000,0x00007f0dfab0b000)]
=>0x00007f0e180bb800 JavaThread "JDWP Transport Listener: dt_socket" daemon [_thread_in_vm, id=26420, stack(0x00007f0dfab0b000,0x00007f0dfac0c000)]
  0x00007f0e180aa800 JavaThread "Signal Dispatcher" daemon [_thread_blocked, id=26418, stack(0x00007f0dfb06d000,0x00007f0dfb16e000)]
  0x00007f0e1807e800 JavaThread "Finalizer" daemon [_thread_blocked, id=26416, stack(0x00007f0dfb16e000,0x00007f0dfb26f000)]
  0x00007f0e1807c800 JavaThread "Reference Handler" daemon [_thread_blocked, id=26415, stack(0x00007f0dfb26f000,0x00007f0dfb370000)]
  0x00007f0e1800c000 JavaThread "main" [_thread_blocked, id=26408, stack(0x00007f0e1c6cb000,0x00007f0e1c7cc000)]

Other Threads:
  0x00007f0e18077800 VMThread [stack: 0x00007f0dfb370000,0x00007f0dfb471000] [id=26414]
  0x00007f0e180de000 WatcherThread [stack: 0x00007f0dfa404000,0x00007f0dfa505000] [id=26431]

VM state:not at safepoint (normal execution)

VM Mutex/Monitor currently owned by a thread: None

Heap:
 PSYoungGen      total 56320K, used 23306K [0x0000000781a00000, 0x0000000785880000, 0x00000007c0000000)
  eden space 48640K, 32% used [0x0000000781a00000,0x0000000782945028,0x0000000784980000)
  from space 7680K, 99% used [0x0000000785100000,0x000000078587d8e0,0x0000000785880000)
  to   space 7680K, 0% used [0x0000000784980000,0x0000000784980000,0x0000000785100000)
 ParOldGen       total 128512K, used 1859K [0x0000000704e00000, 0x000000070cb80000, 0x0000000781a00000)
  object space 128512K, 1% used [0x0000000704e00000,0x0000000704fd0d88,0x000000070cb80000)
 Metaspace       used 19886K, capacity 20286K, committed 20480K, reserved 1067008K
  class space    used 2419K, capacity 2505K, committed 2560K, reserved 1048576K

Card table byte_map: [0x00007f0e01d1f000,0x00007f0e022f9000] byte_map_base: 0x00007f0dfe4f8000

Marking Bits: (ParMarkBitMap*) 0x00007f0e1d7272a0
 Begin Bits: [0x00007f0dde270000, 0x00007f0de1138000)
 End Bits:   [0x00007f0de1138000, 0x00007f0de4000000)

Polling page: 0x00007f0e1d986000

CodeCache: size=245760Kb used=4461Kb max_used=4513Kb free=241298Kb
 bounds [0x00007f0e026b9000, 0x00007f0e02b29000, 0x00007f0e116b9000]
 total_blobs=1865 nmethods=1448 adapters=339
 compilation: enabled

Compilation events (10 events):
Event: 161.195 Thread 0x00007f0e180c6000 1593       3       java.nio.HeapByteBuffer::getInt (18 bytes)
Event: 161.195 Thread 0x00007f0e180c6000 nmethod 1593 0x00007f0e02b22190 code [0x00007f0e02b223c0, 0x00007f0e02b22ee8]
Event: 161.196 Thread 0x00007f0e180c6000 1594       3       java.nio.Bits::getInt (18 bytes)
Event: 161.196 Thread 0x00007f0e180c6000 nmethod 1594 0x00007f0e02b21250 code [0x00007f0e02b21460, 0x00007f0e02b21e18]
Event: 161.196 Thread 0x00007f0e180c6000 1595       3       java.nio.Bits::makeInt (29 bytes)
Event: 161.197 Thread 0x00007f0e180c6000 nmethod 1595 0x00007f0e02b20e50 code [0x00007f0e02b20fa0, 0x00007f0e02b210f0]
Event: 161.523 Thread 0x00007f0e180c6000 1596       3       java.lang.StringBuilder::append (8 bytes)
Event: 161.523 Thread 0x00007f0e180c6000 nmethod 1596 0x00007f0e02831d10 code [0x00007f0e02831e80, 0x00007f0e02832028]
Event: 161.523 Thread 0x00007f0e180c6000 1597       3       java.lang.AbstractStringBuilder::append (70 bytes)
Event: 161.524 Thread 0x00007f0e180c6000 nmethod 1597 0x00007f0e027d08d0 code [0x00007f0e027d0a80, 0x00007f0e027d0f88]

GC Heap History (4 events):
Event: 0.845 GC heap before
{Heap before GC invocations=1 (full 0):
 PSYoungGen      total 56320K, used 48640K [0x0000000781a00000, 0x0000000785880000, 0x00000007c0000000)
  eden space 48640K, 100% used [0x0000000781a00000,0x0000000784980000,0x0000000784980000)
  from space 7680K, 0% used [0x0000000785100000,0x0000000785100000,0x0000000785880000)
  to   space 7680K, 0% used [0x0000000784980000,0x0000000784980000,0x0000000785100000)
 ParOldGen       total 128512K, used 0K [0x0000000704e00000, 0x000000070cb80000, 0x0000000781a00000)
  object space 128512K, 0% used [0x0000000704e00000,0x0000000704e00000,0x000000070cb80000)
 Metaspace       used 13156K, capacity 13444K, committed 13696K, reserved 1060864K
  class space    used 1548K, capacity 1616K, committed 1664K, reserved 1048576K
Event: 0.851 GC heap after
Heap after GC invocations=1 (full 0):
 PSYoungGen      total 56320K, used 6961K [0x0000000781a00000, 0x0000000785880000, 0x00000007c0000000)
  eden space 48640K, 0% used [0x0000000781a00000,0x0000000781a00000,0x0000000784980000)
  from space 7680K, 90% used [0x0000000784980000,0x000000078504c540,0x0000000785100000)
  to   space 7680K, 0% used [0x0000000785100000,0x0000000785100000,0x0000000785880000)
 ParOldGen       total 128512K, used 8K [0x0000000704e00000, 0x000000070cb80000, 0x0000000781a00000)
  object space 128512K, 0% used [0x0000000704e00000,0x0000000704e02000,0x000000070cb80000)
 Metaspace       used 13156K, capacity 13444K, committed 13696K, reserved 1060864K
  class space    used 1548K, capacity 1616K, committed 1664K, reserved 1048576K
}
Event: 59.781 GC heap before
{Heap before GC invocations=2 (full 0):
 PSYoungGen      total 56320K, used 55601K [0x0000000781a00000, 0x0000000785880000, 0x00000007c0000000)
  eden space 48640K, 100% used [0x0000000781a00000,0x0000000784980000,0x0000000784980000)
  from space 7680K, 90% used [0x0000000784980000,0x000000078504c540,0x0000000785100000)
  to   space 7680K, 0% used [0x0000000785100000,0x0000000785100000,0x0000000785880000)
 ParOldGen       total 128512K, used 8K [0x0000000704e00000, 0x000000070cb80000, 0x0000000781a00000)
  object space 128512K, 0% used [0x0000000704e00000,0x0000000704e02000,0x000000070cb80000)
 Metaspace       used 19710K, capacity 20156K, committed 20224K, reserved 1067008K
  class space    used 2417K, capacity 2504K, committed 2560K, reserved 1048576K
Event: 59.793 GC heap after
Heap after GC invocations=2 (full 0):
 PSYoungGen      total 56320K, used 7670K [0x0000000781a00000, 0x0000000785880000, 0x00000007c0000000)
  eden space 48640K, 0% used [0x0000000781a00000,0x0000000781a00000,0x0000000784980000)
  from space 7680K, 99% used [0x0000000785100000,0x000000078587d8e0,0x0000000785880000)
  to   space 7680K, 0% used [0x0000000784980000,0x0000000784980000,0x0000000785100000)
 ParOldGen       total 128512K, used 1859K [0x0000000704e00000, 0x000000070cb80000, 0x0000000781a00000)
  object space 128512K, 1% used [0x0000000704e00000,0x0000000704fd0d88,0x000000070cb80000)
 Metaspace       used 19710K, capacity 20156K, committed 20224K, reserved 1067008K
  class space    used 2417K, capacity 2504K, committed 2560K, reserved 1048576K
}

Deoptimization events (10 events):
Event: 1.064 Thread 0x00007f0e1800c000 Uncommon trap: reason=unreached action=reinterpret pc=0x00007f0e02a7cfd8 method=java.util.HashMap.putVal(ILjava/lang/Object;Ljava/lang/Object;ZZ)Ljava/lang/Object; @ 109
Event: 1.101 Thread 0x00007f0e1800c000 Uncommon trap: reason=range_check action=none pc=0x00007f0e02a7db2c method=sun.reflect.generics.parser.SignatureParser.current()C @ 34
Event: 1.101 Thread 0x00007f0e1800c000 Uncommon trap: reason=range_check action=none pc=0x00007f0e02a7db2c method=sun.reflect.generics.parser.SignatureParser.current()C @ 34
Event: 1.106 Thread 0x00007f0e1800c000 Uncommon trap: reason=range_check action=none pc=0x00007f0e02a7db2c method=sun.reflect.generics.parser.SignatureParser.current()C @ 34
Event: 1.106 Thread 0x00007f0e1800c000 Uncommon trap: reason=range_check action=none pc=0x00007f0e02a7db2c method=sun.reflect.generics.parser.SignatureParser.current()C @ 34
Event: 1.110 Thread 0x00007f0e1800c000 Uncommon trap: reason=range_check action=none pc=0x00007f0e02a7db2c method=sun.reflect.generics.parser.SignatureParser.current()C @ 34
Event: 1.113 Thread 0x00007f0e1800c000 Uncommon trap: reason=range_check action=none pc=0x00007f0e02a7db2c method=sun.reflect.generics.parser.SignatureParser.current()C @ 34
Event: 1.126 Thread 0x00007f0e1800c000 Uncommon trap: reason=unreached action=reinterpret pc=0x00007f0e02890f0c method=java.lang.AbstractStringBuilder.append(Ljava/lang/String;)Ljava/lang/AbstractStringBuilder; @ 1
Event: 1.147 Thread 0x00007f0e18afe800 Uncommon trap: reason=unreached action=reinterpret pc=0x00007f0e0287cdb8 method=java.util.HashMap.getNode(ILjava/lang/Object;)Ljava/util/HashMap$Node; @ 84
Event: 1.155 Thread 0x00007f0e18afe800 Uncommon trap: reason=unreached action=reinterpret pc=0x00007f0e02878774 method=java.util.HashMap.getNode(ILjava/lang/Object;)Ljava/util/HashMap$Node; @ 84

Internal exceptions (10 events):
Event: 59.774 Thread 0x00007f0d9c003800 Exception <a 'java/security/PrivilegedActionException'> (0x000000078492a548) thrown at [/HUDSON/workspace/8-2-build-linux-amd64/jdk8u31/2394/hotspot/src/share/vm/prims/jvm.cpp, line 1312]
Event: 59.774 Thread 0x00007f0d9c003800 Exception <a 'java/security/PrivilegedActionException'> (0x0000000784933438) thrown at [/HUDSON/workspace/8-2-build-linux-amd64/jdk8u31/2394/hotspot/src/share/vm/prims/jvm.cpp, line 1312]
Event: 59.775 Thread 0x00007f0d9c003800 Exception <a 'java/security/PrivilegedActionException'> (0x000000078493ed00) thrown at [/HUDSON/workspace/8-2-build-linux-amd64/jdk8u31/2394/hotspot/src/share/vm/prims/jvm.cpp, line 1312]
Event: 59.776 Thread 0x00007f0d9c003800 Exception <a 'java/security/PrivilegedActionException'> (0x0000000784947360) thrown at [/HUDSON/workspace/8-2-build-linux-amd64/jdk8u31/2394/hotspot/src/share/vm/prims/jvm.cpp, line 1312]
Event: 59.778 Thread 0x00007f0d9c003800 Exception <a 'java/security/PrivilegedActionException'> (0x0000000784953ee0) thrown at [/HUDSON/workspace/8-2-build-linux-amd64/jdk8u31/2394/hotspot/src/share/vm/prims/jvm.cpp, line 1312]
Event: 59.779 Thread 0x00007f0d9c003800 Exception <a 'java/security/PrivilegedActionException'> (0x000000078495c6d8) thrown at [/HUDSON/workspace/8-2-build-linux-amd64/jdk8u31/2394/hotspot/src/share/vm/prims/jvm.cpp, line 1312]
Event: 59.780 Thread 0x00007f0d9c003800 Exception <a 'java/security/PrivilegedActionException'> (0x0000000784965528) thrown at [/HUDSON/workspace/8-2-build-linux-amd64/jdk8u31/2394/hotspot/src/share/vm/prims/jvm.cpp, line 1312]
Event: 59.780 Thread 0x00007f0d9c003800 Exception <a 'java/security/PrivilegedActionException'> (0x000000078496e160) thrown at [/HUDSON/workspace/8-2-build-linux-amd64/jdk8u31/2394/hotspot/src/share/vm/prims/jvm.cpp, line 1312]
Event: 59.781 Thread 0x00007f0d9c003800 Exception <a 'java/security/PrivilegedActionException'> (0x0000000784977088) thrown at [/HUDSON/workspace/8-2-build-linux-amd64/jdk8u31/2394/hotspot/src/share/vm/prims/jvm.cpp, line 1312]
Event: 59.795 Thread 0x00007f0d9c003800 Exception <a 'java/security/PrivilegedActionException'> (0x0000000781a02478) thrown at [/HUDSON/workspace/8-2-build-linux-amd64/jdk8u31/2394/hotspot/src/share/vm/prims/jvm.cpp, line 1312]

Events (10 events):
Event: 162.697 Executing VM operation: GetCurrentLocation
Event: 162.697 Executing VM operation: GetCurrentLocation done
Event: 162.697 Executing VM operation: EnterInterpOnlyMode
Event: 162.697 Executing VM operation: EnterInterpOnlyMode done
Event: 162.697 Executing VM operation: ChangeSingleStep
Event: 162.697 Executing VM operation: ChangeSingleStep done
Event: 162.697 Executing VM operation: ChangeSingleStep
Event: 162.698 Executing VM operation: ChangeSingleStep done
Event: 162.707 Executing VM operation: RedefineClasses
Event: 162.718 Executing VM operation: RedefineClasses done


Dynamic libraries:
00400000-00401000 r-xp 00000000 08:04 2232809                            /usr/java/jdk1.8.0_31/bin/java
00600000-00601000 rw-p 00000000 08:04 2232809                            /usr/java/jdk1.8.0_31/bin/java
00696000-006d8000 rw-p 00000000 00:00 0                                  [heap]
704e00000-70cb80000 rw-p 00000000 00:00 0 
70cb80000-781a00000 ---p 00000000 00:00 0 
781a00000-785880000 rw-p 00000000 00:00 0 
785880000-7c0000000 ---p 00000000 00:00 0 
7c0000000-7c0280000 rw-p 00000000 00:00 0 
7c0280000-800000000 ---p 00000000 00:00 0 
3188200000-3188220000 r-xp 00000000 08:04 1966110                        /usr/lib64/ld-2.18.so
318841f000-3188420000 r--p 0001f000 08:04 1966110                        /usr/lib64/ld-2.18.so
3188420000-3188421000 rw-p 00020000 08:04 1966110                        /usr/lib64/ld-2.18.so
3188421000-3188422000 rw-p 00000000 00:00 0 
3188600000-31887b4000 r-xp 00000000 08:04 1966700                        /usr/lib64/libc-2.18.so
31887b4000-31889b4000 ---p 001b4000 08:04 1966700                        /usr/lib64/libc-2.18.so
31889b4000-31889b8000 r--p 001b4000 08:04 1966700                        /usr/lib64/libc-2.18.so
31889b8000-31889ba000 rw-p 001b8000 08:04 1966700                        /usr/lib64/libc-2.18.so
31889ba000-31889bf000 rw-p 00000000 00:00 0 
3188a00000-3188a03000 r-xp 00000000 08:04 1967179                        /usr/lib64/libdl-2.18.so
3188a03000-3188c02000 ---p 00003000 08:04 1967179                        /usr/lib64/libdl-2.18.so
3188c02000-3188c03000 r--p 00002000 08:04 1967179                        /usr/lib64/libdl-2.18.so
3188c03000-3188c04000 rw-p 00003000 08:04 1967179                        /usr/lib64/libdl-2.18.so
3188e00000-3188e18000 r-xp 00000000 08:04 1966742                        /usr/lib64/libpthread-2.18.so
3188e18000-3189017000 ---p 00018000 08:04 1966742                        /usr/lib64/libpthread-2.18.so
3189017000-3189018000 r--p 00017000 08:04 1966742                        /usr/lib64/libpthread-2.18.so
3189018000-3189019000 rw-p 00018000 08:04 1966742                        /usr/lib64/libpthread-2.18.so
3189019000-318901d000 rw-p 00000000 00:00 0 
3189200000-3189305000 r-xp 00000000 08:04 1966732                        /usr/lib64/libm-2.18.so
3189305000-3189505000 ---p 00105000 08:04 1966732                        /usr/lib64/libm-2.18.so
3189505000-3189506000 r--p 00105000 08:04 1966732                        /usr/lib64/libm-2.18.so
3189506000-3189507000 rw-p 00106000 08:04 1966732                        /usr/lib64/libm-2.18.so
318a600000-318a607000 r-xp 00000000 08:04 1967023                        /usr/lib64/librt-2.18.so
318a607000-318a806000 ---p 00007000 08:04 1967023                        /usr/lib64/librt-2.18.so
318a806000-318a807000 r--p 00006000 08:04 1967023                        /usr/lib64/librt-2.18.so
318a807000-318a808000 rw-p 00007000 08:04 1967023                        /usr/lib64/librt-2.18.so
7f0d78000000-7f0d78021000 rw-p 00000000 00:00 0 
7f0d78021000-7f0d7c000000 ---p 00000000 00:00 0 
7f0d7c000000-7f0d7c021000 rw-p 00000000 00:00 0 
7f0d7c021000-7f0d80000000 ---p 00000000 00:00 0 
7f0d80000000-7f0d80021000 rw-p 00000000 00:00 0 
7f0d80021000-7f0d84000000 ---p 00000000 00:00 0 
7f0d84000000-7f0d84021000 rw-p 00000000 00:00 0 
7f0d84021000-7f0d88000000 ---p 00000000 00:00 0 
7f0d88000000-7f0d88021000 rw-p 00000000 00:00 0 
7f0d88021000-7f0d8c000000 ---p 00000000 00:00 0 
7f0d8c000000-7f0d8c021000 rw-p 00000000 00:00 0 
7f0d8c021000-7f0d90000000 ---p 00000000 00:00 0 
7f0d90000000-7f0d90021000 rw-p 00000000 00:00 0 
7f0d90021000-7f0d94000000 ---p 00000000 00:00 0 
7f0d94000000-7f0d94021000 rw-p 00000000 00:00 0 
7f0d94021000-7f0d98000000 ---p 00000000 00:00 0 
7f0d98000000-7f0d98021000 rw-p 00000000 00:00 0 
7f0d98021000-7f0d9c000000 ---p 00000000 00:00 0 
7f0d9c000000-7f0d9c021000 rw-p 00000000 00:00 0 
7f0d9c021000-7f0da0000000 ---p 00000000 00:00 0 
7f0da0000000-7f0da003f000 rw-p 00000000 00:00 0 
7f0da003f000-7f0da4000000 ---p 00000000 00:00 0 
7f0da4000000-7f0da4021000 rw-p 00000000 00:00 0 
7f0da4021000-7f0da8000000 ---p 00000000 00:00 0 
7f0da8000000-7f0da8021000 rw-p 00000000 00:00 0 
7f0da8021000-7f0dac000000 ---p 00000000 00:00 0 
7f0dac000000-7f0dac27d000 rw-p 00000000 00:00 0 
7f0dac27d000-7f0db0000000 ---p 00000000 00:00 0 
7f0db0000000-7f0db0021000 rw-p 00000000 00:00 0 
7f0db0021000-7f0db4000000 ---p 00000000 00:00 0 
7f0db4000000-7f0db4021000 rw-p 00000000 00:00 0 
7f0db4021000-7f0db8000000 ---p 00000000 00:00 0 
7f0db8000000-7f0db8443000 rw-p 00000000 00:00 0 
7f0db8443000-7f0dbc000000 ---p 00000000 00:00 0 
7f0dbc000000-7f0dbc3fb000 rw-p 00000000 00:00 0 
7f0dbc3fb000-7f0dc0000000 ---p 00000000 00:00 0 
7f0dc0000000-7f0dc0021000 rw-p 00000000 00:00 0 
7f0dc0021000-7f0dc4000000 ---p 00000000 00:00 0 
7f0dc4000000-7f0dc4819000 rw-p 00000000 00:00 0 
7f0dc4819000-7f0dc8000000 ---p 00000000 00:00 0 
7f0dc8000000-7f0dc82ac000 rw-p 00000000 00:00 0 
7f0dc82ac000-7f0dcc000000 ---p 00000000 00:00 0 
7f0dcc000000-7f0dcc021000 rw-p 00000000 00:00 0 
7f0dcc021000-7f0dd0000000 ---p 00000000 00:00 0 
7f0dd0000000-7f0dd0021000 rw-p 00000000 00:00 0 
7f0dd0021000-7f0dd4000000 ---p 00000000 00:00 0 
7f0dd4000000-7f0dd4021000 rw-p 00000000 00:00 0 
7f0dd4021000-7f0dd8000000 ---p 00000000 00:00 0 
7f0dd8000000-7f0dd8021000 rw-p 00000000 00:00 0 
7f0dd8021000-7f0ddc000000 ---p 00000000 00:00 0 
7f0dde270000-7f0de4000000 rw-p 00000000 00:00 0 
7f0de4000000-7f0de4021000 rw-p 00000000 00:00 0 
7f0de4021000-7f0de8000000 ---p 00000000 00:00 0 
7f0de8000000-7f0de8084000 rw-p 00000000 00:00 0 
7f0de8084000-7f0dec000000 ---p 00000000 00:00 0 
7f0dec000000-7f0dec021000 rw-p 00000000 00:00 0 
7f0dec021000-7f0df0000000 ---p 00000000 00:00 0 
7f0df4000000-7f0df4021000 rw-p 00000000 00:00 0 
7f0df4021000-7f0df8000000 ---p 00000000 00:00 0 
7f0df81db000-7f0df81de000 rw-p 00000000 00:00 0 
7f0df81de000-7f0df81e1000 ---p 00000000 00:00 0 
7f0df81e1000-7f0df82df000 rw-p 00000000 00:00 0                          [stack:26473]
7f0df82df000-7f0df82e2000 ---p 00000000 00:00 0 
7f0df82e2000-7f0df83e0000 rw-p 00000000 00:00 0                          [stack:26464]
7f0df83e0000-7f0df83e3000 ---p 00000000 00:00 0 
7f0df83e3000-7f0df8661000 rw-p 00000000 00:00 0                          [stack:26463]
7f0df8661000-7f0df86e1000 ---p 00000000 00:00 0 
7f0df86e1000-7f0df86e9000 r-xp 00000000 08:04 2233097                    /usr/java/jdk1.8.0_31/jre/lib/amd64/libmanagement.so
7f0df86e9000-7f0df88e9000 ---p 00008000 08:04 2233097                    /usr/java/jdk1.8.0_31/jre/lib/amd64/libmanagement.so
7f0df88e9000-7f0df88ea000 rw-p 00008000 08:04 2233097                    /usr/java/jdk1.8.0_31/jre/lib/amd64/libmanagement.so
7f0df88ea000-7f0df8aea000 rw-p 00000000 00:00 0 
7f0df8aea000-7f0df8cea000 rw-p 00000000 00:00 0 
7f0df8cea000-7f0df8ced000 ---p 00000000 00:00 0 
7f0df8ced000-7f0df8deb000 rw-p 00000000 00:00 0                          [stack:26472]
7f0df8deb000-7f0df8dee000 ---p 00000000 00:00 0 
7f0df8dee000-7f0df8eec000 rw-p 00000000 00:00 0                          [stack:26459]
7f0df8eec000-7f0df8eef000 ---p 00000000 00:00 0 
7f0df8eef000-7f0df8fed000 rw-p 00000000 00:00 0                          [stack:26453]
7f0df8fed000-7f0df8ff0000 ---p 00000000 00:00 0 
7f0df8ff0000-7f0df90ee000 rw-p 00000000 00:00 0                          [stack:26460]
7f0df90ee000-7f0df90f1000 ---p 00000000 00:00 0 
7f0df90f1000-7f0df91ef000 rw-p 00000000 00:00 0                          [stack:26462]
7f0df91ef000-7f0df91f2000 ---p 00000000 00:00 0 
7f0df91f2000-7f0df92f0000 rw-p 00000000 00:00 0                          [stack:26456]
7f0df92f0000-7f0df92f3000 ---p 00000000 00:00 0 
7f0df92f3000-7f0df93f1000 rw-p 00000000 00:00 0                          [stack:26452]
7f0df93f1000-7f0df93f4000 ---p 00000000 00:00 0 
7f0df93f4000-7f0df94f2000 rw-p 00000000 00:00 0                          [stack:26455]
7f0df94f2000-7f0df94f5000 ---p 00000000 00:00 0 
7f0df94f5000-7f0df95f3000 rw-p 00000000 00:00 0                          [stack:26457]
7f0df95f3000-7f0df95f6000 ---p 00000000 00:00 0 
7f0df95f6000-7f0df98f4000 rw-p 00000000 00:00 0                          [stack:26454]
7f0df98f4000-7f0df9af4000 rw-p 00000000 00:00 0 
7f0df9af4000-7f0df9af9000 r--s 00093000 08:04 2234064                    /usr/java/jdk1.8.0_31/jre/lib/jsse.jar
7f0df9af9000-7f0df9afc000 ---p 00000000 00:00 0 
7f0df9afc000-7f0df9bfa000 rw-p 00000000 00:00 0                          [stack:26434]
7f0df9bfa000-7f0df9c1c000 r--s 0038e000 08:04 2233419                    /usr/java/jdk1.8.0_31/jre/lib/ext/cldrdata.jar
7f0df9c1c000-7f0df9c2d000 r-xp 00000000 08:04 2233100                    /usr/java/jdk1.8.0_31/jre/lib/amd64/libnio.so
7f0df9c2d000-7f0df9e2c000 ---p 00011000 08:04 2233100                    /usr/java/jdk1.8.0_31/jre/lib/amd64/libnio.so
7f0df9e2c000-7f0df9e2d000 rw-p 00010000 08:04 2233100                    /usr/java/jdk1.8.0_31/jre/lib/amd64/libnio.so
7f0df9e2d000-7f0df9e37000 r--s 0021b000 08:04 2242884                    /usr/java/jdk1.8.0_31/jre/lib/ext/localedata.jar
7f0df9e37000-7f0df9e3a000 ---p 00000000 00:00 0 
7f0df9e3a000-7f0df9f69000 rw-p 00000000 00:00 0                          [stack:26432]
7f0df9f69000-7f0df9f7f000 r-xp 00000000 08:04 2233099                    /usr/java/jdk1.8.0_31/jre/lib/amd64/libnet.so
7f0df9f7f000-7f0dfa17f000 ---p 00016000 08:04 2233099                    /usr/java/jdk1.8.0_31/jre/lib/amd64/libnet.so
7f0dfa17f000-7f0dfa180000 rw-p 00016000 08:04 2233099                    /usr/java/jdk1.8.0_31/jre/lib/amd64/libnet.so
7f0dfa180000-7f0dfa182000 r--s 00009000 08:06 4590884                    /opt/maven/localrepo/org/hamcrest/hamcrest-core/1.3/hamcrest-core-1.3.jar
7f0dfa182000-7f0dfa188000 r--s 00036000 08:06 4590881                    /opt/maven/localrepo/junit/junit/4.11/junit-4.11.jar
7f0dfa188000-7f0dfa18f000 r--s 00089000 08:06 4201045                    /opt/maven/localrepo/io/vertx/vertx-core/3.0.0-SNAPSHOT/vertx-core-3.0.0-SNAPSHOT-tests.jar
7f0dfa18f000-7f0dfa1a1000 r--s 000a3000 08:06 4201277                    /opt/maven/localrepo/io/reactivex/rxjava/1.0.8/rxjava-1.0.8.jar
7f0dfa1a1000-7f0dfa1a7000 r--s 00035000 08:06 4201190                    /opt/maven/localrepo/io/vertx/vertx-rx-java/3.0.0-SNAPSHOT/vertx-rx-java-3.0.0-SNAPSHOT.jar
7f0dfa1a7000-7f0dfa1a9000 r--s 00005000 08:06 5245998                    /opt/maven/localrepo/org/slf4j/slf4j-api/1.6.2/slf4j-api-1.6.2.jar
7f0dfa1a9000-7f0dfa1de000 rw-p 00000000 00:00 0 
7f0dfa1de000-7f0dfa313000 r--s 0155a000 08:06 4723285                    /opt/maven/localrepo/org/jruby/jruby-complete/1.7.20/jruby-complete-1.7.20.jar
7f0dfa313000-7f0dfa316000 r--s 00016000 08:06 4723288                    /opt/maven/localrepo/io/vertx/vertx-lang-ruby/3.0.0-SNAPSHOT/vertx-lang-ruby-3.0.0-SNAPSHOT.jar
7f0dfa316000-7f0dfa319000 r--s 0001c000 08:06 4201189                    /opt/maven/localrepo/io/vertx/vertx-lang-js/3.0.0-SNAPSHOT/vertx-lang-js-3.0.0-SNAPSHOT.jar
7f0dfa319000-7f0dfa385000 r--s 00689000 08:06 4852764                    /opt/maven/localrepo/org/codehaus/groovy/groovy-all/2.3.10/groovy-all-2.3.10.jar
7f0dfa385000-7f0dfa38b000 r--s 0007d000 08:06 4201188                    /opt/maven/localrepo/io/vertx/vertx-lang-groovy/3.0.0-SNAPSHOT/vertx-lang-groovy-3.0.0-SNAPSHOT.jar
7f0dfa38b000-7f0dfa38e000 r--s 0001f000 08:06 4201187                    /opt/maven/localrepo/io/vertx/vertx-codetrans/3.0.0-SNAPSHOT/vertx-codetrans-3.0.0-SNAPSHOT.jar
7f0dfa38e000-7f0dfa390000 r--s 00007000 08:06 4201186                    /opt/maven/localrepo/io/vertx/vertx-docgen/3.0.0-SNAPSHOT/vertx-docgen-3.0.0-SNAPSHOT.jar
7f0dfa390000-7f0dfa39f000 r--s 000e9000 08:06 4722236                    /opt/maven/localrepo/org/mvel/mvel2/2.2.0.Final/mvel2-2.2.0.Final.jar
7f0dfa39f000-7f0dfa3a2000 r--s 0001f000 08:06 4201185                    /opt/maven/localrepo/io/vertx/vertx-codegen/3.0.0-SNAPSHOT/vertx-codegen-3.0.0-SNAPSHOT.jar
7f0dfa3a2000-7f0dfa3a4000 r--s 00008000 08:06 4592346                    /opt/maven/localrepo/com/fasterxml/jackson/core/jackson-annotations/2.5.0/jackson-annotations-2.5.0.jar
7f0dfa3a4000-7f0dfa3b6000 r--s 00106000 08:06 4462913                    /opt/maven/localrepo/com/fasterxml/jackson/core/jackson-databind/2.5.3/jackson-databind-2.5.3.jar
7f0dfa3b6000-7f0dfa3ba000 r--s 00035000 08:06 4723449                    /opt/maven/localrepo/com/fasterxml/jackson/core/jackson-core/2.5.3/jackson-core-2.5.3.jar
7f0dfa3ba000-7f0dfa3c2000 r--s 00064000 08:06 4331453                    /opt/maven/localrepo/io/netty/netty-codec-http/4.0.28.Final/netty-codec-http-4.0.28.Final.jar
7f0dfa3c2000-7f0dfa3c6000 r--s 00020000 08:06 4723730                    /opt/maven/localrepo/io/netty/netty-codec/4.0.28.Final/netty-codec-4.0.28.Final.jar
7f0dfa3c6000-7f0dfa3cc000 r--s 00037000 08:06 4723728                    /opt/maven/localrepo/io/netty/netty-handler/4.0.28.Final/netty-handler-4.0.28.Final.jar
7f0dfa3cc000-7f0dfa3d3000 r--s 0004d000 08:06 4723726                    /opt/maven/localrepo/io/netty/netty-transport/4.0.28.Final/netty-transport-4.0.28.Final.jar
7f0dfa3d3000-7f0dfa3d6000 r--s 00027000 08:06 4723724                    /opt/maven/localrepo/io/netty/netty-buffer/4.0.28.Final/netty-buffer-4.0.28.Final.jar
7f0dfa3d6000-7f0dfa3dd000 r--s 00060000 08:06 4723717                    /opt/maven/localrepo/io/netty/netty-common/4.0.28.Final/netty-common-4.0.28.Final.jar
7f0dfa3dd000-7f0dfa3e8000 r--s 0009a000 08:06 4201044                    /opt/maven/localrepo/io/vertx/vertx-core/3.0.0-SNAPSHOT/vertx-core-3.0.0-SNAPSHOT.jar
7f0dfa3e8000-7f0dfa3e9000 r--s 00000000 08:06 4463002                    /opt/maven/localrepo/io/vertx/vertx-mongo-service/3.1.0-SNAPSHOT/vertx-mongo-service-3.1.0-SNAPSHOT-tests.jar
7f0dfa3e9000-7f0dfa3ea000 r--s 00002000 08:06 4201047                    /opt/maven/localrepo/io/vertx/vertx-service-proxy/3.0.0-SNAPSHOT/vertx-service-proxy-3.0.0-SNAPSHOT.jar
7f0dfa3ea000-7f0dfa3ec000 r--s 00000000 08:06 4201048                    /opt/maven/localrepo/io/vertx/vertx-service-factory/3.0.0-SNAPSHOT/vertx-service-factory-3.0.0-SNAPSHOT.jar
7f0dfa3ec000-7f0dfa3ed000 r--s 0000a000 08:06 4462998                    /opt/maven/localrepo/io/vertx/vertx-mongo-service/3.1.0-SNAPSHOT/vertx-mongo-service-3.1.0-SNAPSHOT.jar
7f0dfa3ed000-7f0dfa3fd000 r--s 000a6000 08:06 4723461                    /opt/maven/localrepo/org/mongodb/mongodb-driver-core/3.0.2/mongodb-driver-core-3.0.2.jar
7f0dfa3fd000-7f0dfa402000 r--s 00032000 08:06 4983968                    /opt/maven/localrepo/org/mongodb/bson/3.0.2/bson-3.0.2.jar
7f0dfa402000-7f0dfa404000 r--s 00013000 08:06 4723458                    /opt/maven/localrepo/org/mongodb/mongodb-driver-async/3.0.2/mongodb-driver-async-3.0.2.jar
7f0dfa404000-7f0dfa405000 ---p 00000000 00:00 0 
7f0dfa405000-7f0dfa505000 rw-p 00000000 00:00 0                          [stack:26431]
7f0dfa505000-7f0dfa508000 ---p 00000000 00:00 0 
7f0dfa508000-7f0dfa606000 rw-p 00000000 00:00 0                          [stack:26430]
7f0dfa606000-7f0dfa609000 ---p 00000000 00:00 0 
7f0dfa609000-7f0dfa707000 rw-p 00000000 00:00 0                          [stack:26429]
7f0dfa707000-7f0dfa70a000 ---p 00000000 00:00 0 
7f0dfa70a000-7f0dfa808000 rw-p 00000000 00:00 0                          [stack:26428]
7f0dfa808000-7f0dfa80b000 ---p 00000000 00:00 0 
7f0dfa80b000-7f0dfa909000 rw-p 00000000 00:00 0                          [stack:26427]
7f0dfa909000-7f0dfa90c000 ---p 00000000 00:00 0 
7f0dfa90c000-7f0dfaa0a000 rw-p 00000000 00:00 0                          [stack:26424]
7f0dfaa0a000-7f0dfaa0d000 ---p 00000000 00:00 0 
7f0dfaa0d000-7f0dfab0b000 rw-p 00000000 00:00 0                          [stack:26423]
7f0dfab0b000-7f0dfab0e000 ---p 00000000 00:00 0 
7f0dfab0e000-7f0dfac0c000 rw-p 00000000 00:00 0                          [stack:26420]
7f0dfac0c000-7f0dfac17000 r-xp 00000000 08:04 1971311                    /usr/lib64/libnss_files-2.18.so
7f0dfac17000-7f0dfae16000 ---p 0000b000 08:04 1971311                    /usr/lib64/libnss_files-2.18.so
7f0dfae16000-7f0dfae17000 r--p 0000a000 08:04 1971311                    /usr/lib64/libnss_files-2.18.so
7f0dfae17000-7f0dfae18000 rw-p 0000b000 08:04 1971311                    /usr/lib64/libnss_files-2.18.so
7f0dfae18000-7f0dfae1a000 r--s 0000f000 08:06 4724441                    /opt/maven/localrepo/io/vertx/vertx-mongo-client/3.1.0-SNAPSHOT/vertx-mongo-client-3.1.0-SNAPSHOT.jar
7f0dfae1a000-7f0dfae1f000 r--s 00032000 08:06 4592315                    /opt/maven/localrepo/org/apache/commons/commons-compress/1.3/commons-compress-1.3.jar
7f0dfae1f000-7f0dfae2e000 r--s 0011b000 08:06 4592312                    /opt/maven/localrepo/net/java/dev/jna/jna-platform/4.0.0/jna-platform-4.0.0.jar
7f0dfae2e000-7f0dfae34000 r--s 00048000 08:06 4589134                    /opt/maven/localrepo/org/apache/commons/commons-lang3/3.1/commons-lang3-3.1.jar
7f0dfae34000-7f0dfae69000 r--s 00000000 08:04 2902181                    /var/db/nscd/hosts
7f0dfae69000-7f0dfae6d000 r-xp 00000000 08:04 2233015                    /usr/java/jdk1.8.0_31/jre/lib/amd64/libdt_socket.so
7f0dfae6d000-7f0dfb06c000 ---p 00004000 08:04 2233015                    /usr/java/jdk1.8.0_31/jre/lib/amd64/libdt_socket.so
7f0dfb06c000-7f0dfb06d000 rw-p 00003000 08:04 2233015                    /usr/java/jdk1.8.0_31/jre/lib/amd64/libdt_socket.so
7f0dfb06d000-7f0dfb070000 ---p 00000000 00:00 0 
7f0dfb070000-7f0dfb16e000 rw-p 00000000 00:00 0                          [stack:26418]
7f0dfb16e000-7f0dfb171000 ---p 00000000 00:00 0 
7f0dfb171000-7f0dfb26f000 rw-p 00000000 00:00 0                          [stack:26416]
7f0dfb26f000-7f0dfb272000 ---p 00000000 00:00 0 
7f0dfb272000-7f0dfb370000 rw-p 00000000 00:00 0                          [stack:26415]
7f0dfb370000-7f0dfb371000 ---p 00000000 00:00 0 
7f0dfb371000-7f0dfc000000 rw-p 00000000 00:00 0                          [stack:26414]
7f0dfc000000-7f0dfc021000 rw-p 00000000 00:00 0 
7f0dfc021000-7f0e00000000 ---p 00000000 00:00 0 
7f0e00000000-7f0e00453000 rw-p 00000000 00:00 0 
7f0e00453000-7f0e00628000 r--s 03c68000 08:04 2242902                    /usr/java/jdk1.8.0_31/jre/lib/rt.jar
7f0e00628000-7f0e01535000 rw-p 00000000 00:00 0 
7f0e01535000-7f0e01536000 ---p 00000000 00:00 0 
7f0e01536000-7f0e01636000 rw-p 00000000 00:00 0                          [stack:26413]
7f0e01636000-7f0e01637000 ---p 00000000 00:00 0 
7f0e01637000-7f0e01737000 rw-p 00000000 00:00 0                          [stack:26412]
7f0e01737000-7f0e01738000 ---p 00000000 00:00 0 
7f0e01738000-7f0e01838000 rw-p 00000000 00:00 0                          [stack:26411]
7f0e01838000-7f0e01839000 ---p 00000000 00:00 0 
7f0e01839000-7f0e01978000 rw-p 00000000 00:00 0                          [stack:26410]
7f0e01978000-7f0e01d1f000 ---p 00000000 00:00 0 
7f0e01d1f000-7f0e01d5e000 rw-p 00000000 00:00 0 
7f0e01d5e000-7f0e02105000 ---p 00000000 00:00 0 
7f0e02105000-7f0e02125000 rw-p 00000000 00:00 0 
7f0e02125000-7f0e022f8000 ---p 00000000 00:00 0 
7f0e022f8000-7f0e0230b000 rw-p 00000000 00:00 0 
7f0e0230b000-7f0e026b9000 ---p 00000000 00:00 0 
7f0e026b9000-7f0e02b29000 rwxp 00000000 00:00 0 
7f0e02b29000-7f0e116b9000 ---p 00000000 00:00 0 
7f0e116b9000-7f0e116d3000 r-xp 00000000 08:04 2233134                    /usr/java/jdk1.8.0_31/jre/lib/amd64/libzip.so
7f0e116d3000-7f0e118d3000 ---p 0001a000 08:04 2233134                    /usr/java/jdk1.8.0_31/jre/lib/amd64/libzip.so
7f0e118d3000-7f0e118d4000 rw-p 0001a000 08:04 2233134                    /usr/java/jdk1.8.0_31/jre/lib/amd64/libzip.so
7f0e118d4000-7f0e17dfd000 r--p 00000000 08:04 1971894                    /usr/lib/locale/locale-archive
7f0e17dfd000-7f0e17dff000 r-xp 00000000 08:04 2233102                    /usr/java/jdk1.8.0_31/jre/lib/amd64/libnpt.so
7f0e17dff000-7f0e17fff000 ---p 00002000 08:04 2233102                    /usr/java/jdk1.8.0_31/jre/lib/amd64/libnpt.so
7f0e17fff000-7f0e18000000 rw-p 00002000 08:04 2233102                    /usr/java/jdk1.8.0_31/jre/lib/amd64/libnpt.so
7f0e18000000-7f0e18b43000 rw-p 00000000 00:00 0 
7f0e18b43000-7f0e1c000000 ---p 00000000 00:00 0 
7f0e1c000000-7f0e1c021000 rw-p 00000000 00:00 0 
7f0e1c021000-7f0e1c056000 r--s 00000000 08:04 2902168                    /var/db/nscd/passwd
7f0e1c056000-7f0e1c08f000 r-xp 00000000 08:04 2233035                    /usr/java/jdk1.8.0_31/jre/lib/amd64/libjdwp.so
7f0e1c08f000-7f0e1c28e000 ---p 00039000 08:04 2233035                    /usr/java/jdk1.8.0_31/jre/lib/amd64/libjdwp.so
7f0e1c28e000-7f0e1c290000 rw-p 00038000 08:04 2233035                    /usr/java/jdk1.8.0_31/jre/lib/amd64/libjdwp.so
7f0e1c290000-7f0e1c2ba000 r-xp 00000000 08:04 2233026                    /usr/java/jdk1.8.0_31/jre/lib/amd64/libjava.so
7f0e1c2ba000-7f0e1c4ba000 ---p 0002a000 08:04 2233026                    /usr/java/jdk1.8.0_31/jre/lib/amd64/libjava.so
7f0e1c4ba000-7f0e1c4bc000 rw-p 0002a000 08:04 2233026                    /usr/java/jdk1.8.0_31/jre/lib/amd64/libjava.so
7f0e1c4bc000-7f0e1c4c9000 r-xp 00000000 08:04 2233133                    /usr/java/jdk1.8.0_31/jre/lib/amd64/libverify.so
7f0e1c4c9000-7f0e1c6c9000 ---p 0000d000 08:04 2233133                    /usr/java/jdk1.8.0_31/jre/lib/amd64/libverify.so
7f0e1c6c9000-7f0e1c6cb000 rw-p 0000d000 08:04 2233133                    /usr/java/jdk1.8.0_31/jre/lib/amd64/libverify.so
7f0e1c6cb000-7f0e1c6ce000 ---p 00000000 00:00 0 
7f0e1c6ce000-7f0e1c7cc000 rw-p 00000000 00:00 0                          [stack:26408]
7f0e1c7cc000-7f0e1d43a000 r-xp 00000000 08:04 2233138                    /usr/java/jdk1.8.0_31/jre/lib/amd64/server/libjvm.so
7f0e1d43a000-7f0e1d639000 ---p 00c6e000 08:04 2233138                    /usr/java/jdk1.8.0_31/jre/lib/amd64/server/libjvm.so
7f0e1d639000-7f0e1d70f000 rw-p 00c6d000 08:04 2233138                    /usr/java/jdk1.8.0_31/jre/lib/amd64/server/libjvm.so
7f0e1d70f000-7f0e1d755000 rw-p 00000000 00:00 0 
7f0e1d755000-7f0e1d76a000 r-xp 00000000 08:04 2234133                    /usr/java/jdk1.8.0_31/lib/amd64/jli/libjli.so
7f0e1d76a000-7f0e1d969000 ---p 00015000 08:04 2234133                    /usr/java/jdk1.8.0_31/lib/amd64/jli/libjli.so
7f0e1d969000-7f0e1d96a000 rw-p 00014000 08:04 2234133                    /usr/java/jdk1.8.0_31/lib/amd64/jli/libjli.so
7f0e1d96a000-7f0e1d96b000 rw-p 00000000 00:00 0 
7f0e1d96b000-7f0e1d96f000 r--s 000dc000 08:06 4592309                    /opt/maven/localrepo/net/java/dev/jna/jna/4.0.0/jna-4.0.0.jar
7f0e1d96f000-7f0e1d973000 r--s 0002a000 08:06 4462857                    /opt/maven/localrepo/commons-io/commons-io/2.4/commons-io-2.4.jar
7f0e1d973000-7f0e1d978000 r--s 0001b000 08:06 4462854                    /opt/maven/localrepo/de/flapdoodle/embed/de.flapdoodle.embed.process/1.39.0/de.flapdoodle.embed.process-1.39.0.jar
7f0e1d978000-7f0e1d97b000 r--s 00012000 08:06 4331416                    /opt/maven/localrepo/de/flapdoodle/embed/de.flapdoodle.embed.mongo/1.46.0/de.flapdoodle.embed.mongo-1.46.0.jar
7f0e1d97b000-7f0e1d97d000 r--s 00000000 08:06 4722800                    /opt/maven/localrepo/io/vertx/vertx-mongo-embedded-db/3.0.0-SNAPSHOT/vertx-mongo-embedded-db-3.0.0-SNAPSHOT.jar
7f0e1d97d000-7f0e1d985000 rw-s 00000000 00:22 15905924                   /tmp/hsperfdata_mremme/26401
7f0e1d985000-7f0e1d986000 rw-p 00000000 00:00 0 
7f0e1d986000-7f0e1d987000 r--p 00000000 00:00 0 
7f0e1d987000-7f0e1d988000 rw-p 00000000 00:00 0 
7fffd26b1000-7fffd26d3000 rw-p 00000000 00:00 0                          [stack]
7fffd27fe000-7fffd2800000 r-xp 00000000 00:00 0                          [vdso]
ffffffffff600000-ffffffffff601000 r-xp 00000000 00:00 0                  [vsyscall]

VM Arguments:
jvm_args: -agentlib:jdwp=transport=dt_socket,suspend=y,address=localhost:56421 -Dfile.encoding=UTF-8 
java_command: org.eclipse.jdt.internal.junit.runner.RemoteTestRunner -version 3 -port 50374 -testLoaderClass org.eclipse.jdt.internal.junit4.runner.JUnit4TestLoader -loaderpluginname org.eclipse.jdt.junit4.runtime -test de.braintags.io.vertx.pojomapper.mongo.test.TypeHandlerTest:testSaveAndRead_EmbeddedMapperSingle
java_class_path (initial): /data/workspace/vertx/vertx-pojo-mapper/vertx-pojongo/target/test-classes:/data/workspace/vertx/vertx-pojo-mapper/vertx-pojongo/target/classes:/opt/maven/localrepo/io/vertx/vertx-mongo-embedded-db/3.0.0-SNAPSHOT/vertx-mongo-embedded-db-3.0.0-SNAPSHOT.jar:/opt/maven/localrepo/de/flapdoodle/embed/de.flapdoodle.embed.mongo/1.46.0/de.flapdoodle.embed.mongo-1.46.0.jar:/opt/maven/localrepo/de/flapdoodle/embed/de.flapdoodle.embed.process/1.39.0/de.flapdoodle.embed.process-1.39.0.jar:/opt/maven/localrepo/commons-io/commons-io/2.4/commons-io-2.4.jar:/opt/maven/localrepo/org/apache/commons/commons-lang3/3.1/commons-lang3-3.1.jar:/opt/maven/localrepo/net/java/dev/jna/jna/4.0.0/jna-4.0.0.jar:/opt/maven/localrepo/net/java/dev/jna/jna-platform/4.0.0/jna-platform-4.0.0.jar:/opt/maven/localrepo/org/apache/commons/commons-compress/1.3/commons-compress-1.3.jar:/opt/maven/localrepo/io/vertx/vertx-mongo-client/3.1.0-SNAPSHOT/vertx-mongo-client-3.1.0-SNAPSHOT.jar:/opt/maven/localrepo/org/mongodb/mongodb-driver-async/3.0.2/mongodb-driver-async-3.0.2.jar:/opt/maven/localrepo/org/mongodb/bson/3.0.2/bson-3.0.2.jar:/opt/maven/localrepo/org/mongodb/mongodb-driver-core/3.0.2/mongodb-driver-core-3.0.2.jar:/opt/maven/localrepo/io/vertx/vertx-mongo-service/3.1.0-SNAPSHOT/vertx-mongo-service-3.1.0-SNAPSHOT.jar:/opt/maven/localrepo/io/vertx/vertx-service-factory/3.0.0-SNAPSHOT/vertx-service-factory-3.0.0-SNAPSHOT.jar:/opt/maven/localrepo/io/vertx/vertx-service-proxy/3.0.0-SNAPSHOT/vertx-service-proxy-3.0.0-SNAPSHOT.jar:/data/workspace/vertx/vertx-pojo-mapper/vertx-pojo-mapper-json/target/classes:/data/workspace/vertx/vertx-pojo-mapper/vertx-pojo-mapper-common/target/classes:/opt/maven/localrepo/io/vertx/vertx-mongo-service/3.1.0-SNAPSHOT/vertx-mongo-service-3.1.0-SNAPSHOT-tests.jar:/opt/maven/localrepo/io/vertx/vertx-core/3.0.0-SNAPSHOT/vertx-core-3.0.0-SNAPSHOT.jar:/opt/maven/localrepo/io/netty/netty-common/4.0.28.Final/netty-common-4.0.28.Final.jar:/opt/maven/localrep
Launcher Type: SUN_STANDARD

Environment Variables:
JAVA_HOME=/usr/java/jdk1.8.0_31
PATH=/home/mremme/.gvm/vertx/current/bin:/home/mremme/.gvm/springboot/current/bin:/home/mremme/.gvm/lazybones/current/bin:/home/mremme/.gvm/jbake/current/bin:/home/mremme/.gvm/groovyserv/current/bin:/home/mremme/.gvm/groovy/current/bin:/home/mremme/.gvm/griffon/current/bin:/home/mremme/.gvm/grails/current/bin:/home/mremme/.gvm/gradle/current/bin:/home/mremme/.gvm/glide/current/bin:/home/mremme/.gvm/gaiden/current/bin:/home/mremme/.gvm/crash/current/bin:/usr/lib64/qt-3.3/bin:/usr/local/bin:/usr/bin:/bin:/usr/local/sbin:/usr/sbin
USERNAME=mremme
SHELL=/bin/bash
DISPLAY=:0

Signal Handlers:
SIGSEGV: [libjvm.so+0xa7a650], sa_mask[0]=11111111011111111101111111111110, sa_flags=SA_RESTART|SA_SIGINFO
SIGBUS: [libjvm.so+0xa7a650], sa_mask[0]=11111111011111111101111111111110, sa_flags=SA_RESTART|SA_SIGINFO
SIGFPE: [libjvm.so+0x8e28f0], sa_mask[0]=11111111011111111101111111111110, sa_flags=SA_RESTART|SA_SIGINFO
SIGPIPE: [libjvm.so+0x8e28f0], sa_mask[0]=11111111011111111101111111111110, sa_flags=SA_RESTART|SA_SIGINFO
SIGXFSZ: [libjvm.so+0x8e28f0], sa_mask[0]=11111111011111111101111111111110, sa_flags=SA_RESTART|SA_SIGINFO
SIGILL: [libjvm.so+0x8e28f0], sa_mask[0]=11111111011111111101111111111110, sa_flags=SA_RESTART|SA_SIGINFO
SIGUSR1: SIG_DFL, sa_mask[0]=00000000000000000000000000000000, sa_flags=none
SIGUSR2: [libjvm.so+0x8e4120], sa_mask[0]=00100000000000000000000000000000, sa_flags=SA_RESTART|SA_SIGINFO
SIGHUP: [libjvm.so+0x8e54e0], sa_mask[0]=11111111011111111101111111111110, sa_flags=SA_RESTART|SA_SIGINFO
SIGINT: [libjvm.so+0x8e54e0], sa_mask[0]=11111111011111111101111111111110, sa_flags=SA_RESTART|SA_SIGINFO
SIGTERM: [libjvm.so+0x8e54e0], sa_mask[0]=11111111011111111101111111111110, sa_flags=SA_RESTART|SA_SIGINFO
SIGQUIT: [libjvm.so+0x8e54e0], sa_mask[0]=11111111011111111101111111111110, sa_flags=SA_RESTART|SA_SIGINFO


---------------  S Y S T E M  ---------------

OS:Fedora release 20 (Heisenbug)

uname:Linux 3.14.6-200.fc20.x86_64 #1 SMP Sun Jun 8 01:21:56 UTC 2014 x86_64
libc:glibc 2.18 NPTL 2.18 
rlimit: STACK 8192k, CORE 0k, NPROC 1024, NOFILE 4096, AS infinity
load average:0.19 0.18 0.15

/proc/meminfo:
MemTotal:       12263308 kB
MemFree:         1426984 kB
MemAvailable:    6130336 kB
Buffers:          723444 kB
Cached:          3933756 kB
SwapCached:            0 kB
Active:          7931424 kB
Inactive:        2245472 kB
Active(anon):    5538068 kB
Inactive(anon):    39212 kB
Active(file):    2393356 kB
Inactive(file):  2206260 kB
Unevictable:        1280 kB
Mlocked:            1280 kB
SwapTotal:       6135804 kB
SwapFree:        6135804 kB
Dirty:               248 kB
Writeback:             0 kB
AnonPages:       5520988 kB
Mapped:           483160 kB
Shmem:             57596 kB
Slab:             401880 kB
SReclaimable:     357128 kB
SUnreclaim:        44752 kB
KernelStack:        7584 kB
PageTables:        88264 kB
NFS_Unstable:          0 kB
Bounce:                0 kB
WritebackTmp:          0 kB
CommitLimit:    12267456 kB
Committed_AS:   11809720 kB
VmallocTotal:   34359738367 kB
VmallocUsed:      382072 kB
VmallocChunk:   34359308900 kB
HardwareCorrupted:     0 kB
AnonHugePages:         0 kB
HugePages_Total:       0
HugePages_Free:        0
HugePages_Rsvd:        0
HugePages_Surp:        0
Hugepagesize:       2048 kB
DirectMap4k:       80396 kB
DirectMap2M:    12460032 kB


CPU:total 4 (4 cores per cpu, 1 threads per core) family 6 model 42 stepping 7, cmov, cx8, fxsr, mmx, sse, sse2, sse3, ssse3, sse4.1, sse4.2, popcnt, avx, aes, clmul, tsc, tscinvbit

/proc/cpuinfo:
processor	: 0
vendor_id	: GenuineIntel
cpu family	: 6
model		: 42
model name	: Intel(R) Core(TM) i5-2500 CPU @ 3.30GHz
stepping	: 7
microcode	: 0x29
cpu MHz		: 1631.437
cache size	: 6144 KB
physical id	: 0
siblings	: 4
core id		: 0
cpu cores	: 4
apicid		: 0
initial apicid	: 0
fpu		: yes
fpu_exception	: yes
cpuid level	: 13
wp		: yes
flags		: fpu vme de pse tsc msr pae mce cx8 apic sep mtrr pge mca cmov pat pse36 clflush dts acpi mmx fxsr sse sse2 ss ht tm pbe syscall nx rdtscp lm constant_tsc arch_perfmon pebs bts rep_good nopl xtopology nonstop_tsc aperfmperf eagerfpu pni pclmulqdq dtes64 monitor ds_cpl vmx smx est tm2 ssse3 cx16 xtpr pdcm pcid sse4_1 sse4_2 x2apic popcnt tsc_deadline_timer aes xsave avx lahf_lm ida arat epb xsaveopt pln pts dtherm tpr_shadow vnmi flexpriority ept vpid
bogomips	: 6585.12
clflush size	: 64
cache_alignment	: 64
address sizes	: 36 bits physical, 48 bits virtual
power management:

processor	: 1
vendor_id	: GenuineIntel
cpu family	: 6
model		: 42
model name	: Intel(R) Core(TM) i5-2500 CPU @ 3.30GHz
stepping	: 7
microcode	: 0x29
cpu MHz		: 1631.437
cache size	: 6144 KB
physical id	: 0
siblings	: 4
core id		: 1
cpu cores	: 4
apicid		: 2
initial apicid	: 2
fpu		: yes
fpu_exception	: yes
cpuid level	: 13
wp		: yes
flags		: fpu vme de pse tsc msr pae mce cx8 apic sep mtrr pge mca cmov pat pse36 clflush dts acpi mmx fxsr sse sse2 ss ht tm pbe syscall nx rdtscp lm constant_tsc arch_perfmon pebs bts rep_good nopl xtopology nonstop_tsc aperfmperf eagerfpu pni pclmulqdq dtes64 monitor ds_cpl vmx smx est tm2 ssse3 cx16 xtpr pdcm pcid sse4_1 sse4_2 x2apic popcnt tsc_deadline_timer aes xsave avx lahf_lm ida arat epb xsaveopt pln pts dtherm tpr_shadow vnmi flexpriority ept vpid
bogomips	: 6585.12
clflush size	: 64
cache_alignment	: 64
address sizes	: 36 bits physical, 48 bits virtual
power management:

processor	: 2
vendor_id	: GenuineIntel
cpu family	: 6
model		: 42
model name	: Intel(R) Core(TM) i5-2500 CPU @ 3.30GHz
stepping	: 7
microcode	: 0x29
cpu MHz		: 1631.437
cache size	: 6144 KB
physical id	: 0
siblings	: 4
core id		: 2
cpu cores	: 4
apicid		: 4
initial apicid	: 4
fpu		: yes
fpu_exception	: yes
cpuid level	: 13
wp		: yes
flags		: fpu vme de pse tsc msr pae mce cx8 apic sep mtrr pge mca cmov pat pse36 clflush dts acpi mmx fxsr sse sse2 ss ht tm pbe syscall nx rdtscp lm constant_tsc arch_perfmon pebs bts rep_good nopl xtopology nonstop_tsc aperfmperf eagerfpu pni pclmulqdq dtes64 monitor ds_cpl vmx smx est tm2 ssse3 cx16 xtpr pdcm pcid sse4_1 sse4_2 x2apic popcnt tsc_deadline_timer aes xsave avx lahf_lm ida arat epb xsaveopt pln pts dtherm tpr_shadow vnmi flexpriority ept vpid
bogomips	: 6585.12
clflush size	: 64
cache_alignment	: 64
address sizes	: 36 bits physical, 48 bits virtual
power management:

processor	: 3
vendor_id	: GenuineIntel
cpu family	: 6
model		: 42
model name	: Intel(R) Core(TM) i5-2500 CPU @ 3.30GHz
stepping	: 7
microcode	: 0x29
cpu MHz		: 1631.437
cache size	: 6144 KB
physical id	: 0
siblings	: 4
core id		: 3
cpu cores	: 4
apicid		: 6
initial apicid	: 6
fpu		: yes
fpu_exception	: yes
cpuid level	: 13
wp		: yes
flags		: fpu vme de pse tsc msr pae mce cx8 apic sep mtrr pge mca cmov pat pse36 clflush dts acpi mmx fxsr sse sse2 ss ht tm pbe syscall nx rdtscp lm constant_tsc arch_perfmon pebs bts rep_good nopl xtopology nonstop_tsc aperfmperf eagerfpu pni pclmulqdq dtes64 monitor ds_cpl vmx smx est tm2 ssse3 cx16 xtpr pdcm pcid sse4_1 sse4_2 x2apic popcnt tsc_deadline_timer aes xsave avx lahf_lm ida arat epb xsaveopt pln pts dtherm tpr_shadow vnmi flexpriority ept vpid
bogomips	: 6585.12
clflush size	: 64
cache_alignment	: 64
address sizes	: 36 bits physical, 48 bits virtual
power management:



Memory: 4k page, physical 12263308k(1426984k free), swap 6135804k(6135804k free)

vm_info: Java HotSpot(TM) 64-Bit Server VM (25.31-b07) for linux-amd64 JRE (1.8.0_31-b13), built on Dec 17 2014 20:40:15 by "java_re" with gcc 4.3.0 20080428 (Red Hat 4.3.0-8)

time: Wed Jul 29 15:35:46 2015
elapsed time: 162 seconds (0d 0h 2m 42s)

